Mplus VERSION 7
MUTHEN & MUTHEN
10/23/2023   6:23 PM

INPUT INSTRUCTIONS


  TITLE: FMM3_1cls;
  DATA:  file is data_gauss_10.csv;
  VARIABLE:
  names are W1MFT W1MPS W1NO;
  usevariables are w1mft w1mps w1no;
  missing = *;
  classes = c(1);
  ANALYSIS:
  estimator= mlr;
  type= mixture;
  starts = 200 40;
  processors = 4(STARTS);
  MODEL:
  %overall%
  f1 by w1mft-w1no;
  f1;
  [f1@0]; ! Fixing mean of factors at 0 for identification purposes
  [w1mft-w1no] ; !intercepts



INPUT READING TERMINATED NORMALLY



FMM3_1cls;

SUMMARY OF ANALYSIS

Number of groups                                                 1
Number of observations                                         428

Number of dependent variables                                    3
Number of independent variables                                  0
Number of continuous latent variables                            1
Number of categorical latent variables                           1

Observed dependent variables

  Continuous
   W1MFT       W1MPS       W1NO

Continuous latent variables
   F1

Categorical latent variables
   C


Estimator                                                      MLR
Information matrix                                        OBSERVED
Optimization Specifications for the Quasi-Newton Algorithm for
Continuous Outcomes
  Maximum number of iterations                                 100
  Convergence criterion                                  0.100D-05
Optimization Specifications for the EM Algorithm
  Maximum number of iterations                                 500
  Convergence criteria
    Loglikelihood change                                 0.100D-06
    Relative loglikelihood change                        0.100D-06
    Derivative                                           0.100D-05
Optimization Specifications for the M step of the EM Algorithm for
Categorical Latent variables
  Number of M step iterations                                    1
  M step convergence criterion                           0.100D-05
  Basis for M step termination                           ITERATION
Optimization Specifications for the M step of the EM Algorithm for
Censored, Binary or Ordered Categorical (Ordinal), Unordered
Categorical (Nominal) and Count Outcomes
  Number of M step iterations                                    1
  M step convergence criterion                           0.100D-05
  Basis for M step termination                           ITERATION
  Maximum value for logit thresholds                            15
  Minimum value for logit thresholds                           -15
  Minimum expected cell size for chi-square              0.100D-01
Maximum number of iterations for H1                           2000
Convergence criterion for H1                             0.100D-03
Optimization algorithm                                         EMA
Random Starts Specifications
  Number of initial stage random starts                        200
  Number of final stage optimizations                           40
  Number of initial stage iterations                            10
  Initial stage convergence criterion                    0.100D+01
  Random starts scale                                    0.500D+01
  Random seed for generating random starts                       0

Input data file(s)
  data_gauss_10.csv
Input data format  FREE


SUMMARY OF DATA

     Number of missing data patterns             1
     Number of y missing data patterns           1
     Number of u missing data patterns           0


COVARIANCE COVERAGE OF DATA

Minimum covariance coverage value   0.100


     PROPORTION OF DATA PRESENT FOR Y


           Covariance Coverage
              W1MFT         W1MPS         W1NO
              ________      ________      ________
 W1MFT          1.000
 W1MPS          1.000         1.000
 W1NO           1.000         1.000         1.000


RANDOM STARTS RESULTS RANKED FROM THE BEST TO THE WORST LOGLIKELIHOOD VALUES

Final stage loglikelihood values at local maxima, seeds, and initial stage start numbers:

           -1564.893  903420           5
           -1564.893  533738           11
           -1564.893  570782           193
           -1564.893  432148           30
           -1564.893  645664           39
           -1564.893  131856           90
           -1564.893  626891           32
           -1564.893  565819           65
           -1564.893  383986           159
           -1564.893  915642           40
           -1564.893  793035           187
           -1564.893  347515           24
           -1564.893  987090           70
           -1564.893  931874           141
           -1564.893  783110           72
           -1564.893  260601           36
           -1564.893  814975           129
           -1564.893  319144           176
           -1564.893  373505           88
           -1564.893  292884           103
           -1564.893  464179           106
           -1564.893  751153           110
           -1564.893  232559           136
           -1564.893  848331           137
           -1564.893  341041           34
           -1564.893  972873           157
           -1564.893  303634           169
           -1564.893  202790           198
           -1564.893  443917           60
           -1564.893  717754           180
           -1564.893  592219           119
           -1564.893  636396           168
           -1564.893  340112           126
           -1564.893  467339           66
           -1564.893  46437            153
           -1564.893  405079           68
           -1564.893  314084           81
           -1564.893  unperturbed      0
           -1564.893  190339           102
           -1564.893  85462            51



THE BEST LOGLIKELIHOOD VALUE HAS BEEN REPLICATED.  RERUN WITH AT LEAST TWICE THE
RANDOM STARTS TO CHECK THAT THE BEST LOGLIKELIHOOD IS STILL OBTAINED AND REPLICATED.


THE MODEL ESTIMATION TERMINATED NORMALLY



MODEL FIT INFORMATION

Number of Free Parameters                        9

Loglikelihood

          H0 Value                       -1564.893
          H0 Scaling Correction Factor      1.0093
            for MLR

Information Criteria

          Akaike (AIC)                    3147.785
          Bayesian (BIC)                  3184.317
          Sample-Size Adjusted BIC        3155.757
            (n* = (n + 2) / 24)



FINAL CLASS COUNTS AND PROPORTIONS FOR THE LATENT CLASSES
BASED ON THE ESTIMATED MODEL

    Latent
   Classes

       1        428.00000          1.00000


FINAL CLASS COUNTS AND PROPORTIONS FOR THE LATENT CLASS PATTERNS
BASED ON ESTIMATED POSTERIOR PROBABILITIES

    Latent
   Classes

       1        428.00000          1.00000


CLASSIFICATION OF INDIVIDUALS BASED ON THEIR MOST LIKELY LATENT CLASS MEMBERSHIP

Class Counts and Proportions

    Latent
   Classes

       1              428          1.00000


Average Latent Class Probabilities for Most Likely Latent Class Membership (Row)
by Latent Class (Column)

           1

    1   1.000


MODEL RESULTS

                                                    Two-Tailed
                    Estimate       S.E.  Est./S.E.    P-Value

Latent Class 1

 F1       BY
    W1MFT              1.000      0.000    999.000    999.000
    W1MPS              0.770      0.059     13.062      0.000
    W1NO               1.113      0.088     12.698      0.000

 Means
    F1                 0.000      0.000    999.000    999.000

 Intercepts
    W1MFT              0.043      0.048      0.897      0.369
    W1MPS              0.032      0.046      0.698      0.485
    W1NO               0.037      0.048      0.778      0.436

 Variances
    F1                 0.615      0.077      8.015      0.000

 Residual Variances
    W1MFT              0.369      0.045      8.191      0.000
    W1MPS              0.538      0.044     12.170      0.000
    W1NO               0.225      0.049      4.574      0.000


QUALITY OF NUMERICAL RESULTS

     Condition Number for the Information Matrix              0.541E-01
       (ratio of smallest to largest eigenvalue)


DIAGRAM INFORMATION

  Mplus diagrams are currently not available for Mixture analysis.
  No diagram output was produced.


     Beginning Time:  18:23:23
        Ending Time:  18:23:30
       Elapsed Time:  00:00:07



MUTHEN & MUTHEN
3463 Stoner Ave.
Los Angeles, CA  90066

Tel: (310) 391-9971
Fax: (310) 391-8971
Web: www.StatModel.com
Support: Support@StatModel.com

Copyright (c) 1998-2012 Muthen & Muthen
