Mplus VERSION 7
MUTHEN & MUTHEN
10/23/2023   6:23 PM

INPUT INSTRUCTIONS


  TITLE: FMM3_2cls;
  DATA:  file is data_gauss_10.csv;
  VARIABLE:
  names are W1MFT W1MPS W1NO;
  usevariables are w1mft w1mps w1no;
  missing = *;
  classes = c(2);
  ANALYSIS:
  estimator= mlr;
  type= mixture;
  starts = 400 80;
  processors = 4(STARTS);
  MODEL:
  %overall%
  f1 by w1mft-w1no;
  f1;
  [f1@0]; ! Fixing mean of factors at 0 for identification purposes
  [w1mft-w1no] ; !intercepts
  %c#1%
  f1 by w1mps-w1no; !this is to estimate different factor loadings across latent classes
  f1;
  [w1mft-w1no] ; !this is to estimate different intercepts across latent classes
  %c#2%
  f1 by w1mps-w1no;
  f1;
  [w1mft-w1no] ;
  OUTPUT: tech11;



INPUT READING TERMINATED NORMALLY



FMM3_2cls;

SUMMARY OF ANALYSIS

Number of groups                                                 1
Number of observations                                         428

Number of dependent variables                                    3
Number of independent variables                                  0
Number of continuous latent variables                            1
Number of categorical latent variables                           1

Observed dependent variables

  Continuous
   W1MFT       W1MPS       W1NO

Continuous latent variables
   F1

Categorical latent variables
   C


Estimator                                                      MLR
Information matrix                                        OBSERVED
Optimization Specifications for the Quasi-Newton Algorithm for
Continuous Outcomes
  Maximum number of iterations                                 100
  Convergence criterion                                  0.100D-05
Optimization Specifications for the EM Algorithm
  Maximum number of iterations                                 500
  Convergence criteria
    Loglikelihood change                                 0.100D-06
    Relative loglikelihood change                        0.100D-06
    Derivative                                           0.100D-05
Optimization Specifications for the M step of the EM Algorithm for
Categorical Latent variables
  Number of M step iterations                                    1
  M step convergence criterion                           0.100D-05
  Basis for M step termination                           ITERATION
Optimization Specifications for the M step of the EM Algorithm for
Censored, Binary or Ordered Categorical (Ordinal), Unordered
Categorical (Nominal) and Count Outcomes
  Number of M step iterations                                    1
  M step convergence criterion                           0.100D-05
  Basis for M step termination                           ITERATION
  Maximum value for logit thresholds                            15
  Minimum value for logit thresholds                           -15
  Minimum expected cell size for chi-square              0.100D-01
Maximum number of iterations for H1                           2000
Convergence criterion for H1                             0.100D-03
Optimization algorithm                                         EMA
Random Starts Specifications
  Number of initial stage random starts                        400
  Number of final stage optimizations                           80
  Number of initial stage iterations                            10
  Initial stage convergence criterion                    0.100D+01
  Random starts scale                                    0.500D+01
  Random seed for generating random starts                       0

Input data file(s)
  data_gauss_10.csv
Input data format  FREE


SUMMARY OF DATA

     Number of missing data patterns             1
     Number of y missing data patterns           1
     Number of u missing data patterns           0


COVARIANCE COVERAGE OF DATA

Minimum covariance coverage value   0.100


     PROPORTION OF DATA PRESENT FOR Y


           Covariance Coverage
              W1MFT         W1MPS         W1NO
              ________      ________      ________
 W1MFT          1.000
 W1MPS          1.000         1.000
 W1NO           1.000         1.000         1.000


RANDOM STARTS RESULTS RANKED FROM THE BEST TO THE WORST LOGLIKELIHOOD VALUES


32 perturbed starting value run(s) did not converge.
Final stage loglikelihood values at local maxima, seeds, and initial stage start numbers:

           -1551.044  625191           350
           -1551.044  396795           323
           -1551.044  458181           189
           -1551.044  751153           110
           -1551.044  373505           88
           -1551.044  595153           230
           -1551.044  153942           31
           -1551.044  793035           187
           -1551.044  391949           295
           -1551.044  605358           321
           -1551.044  963053           43
           -1551.044  848331           137
           -1551.044  913639           162
           -1551.044  824126           287
           -1551.044  22089            143
           -1551.044  618000           190
           -1551.044  568405           233
           -1551.044  321390           133
           -1551.044  851945           18
           -1551.044  416250           390
           -1551.044  57226            208
           -1551.044  794236           127
           -1551.044  784664           75
           -1551.044  268896           124
           -1551.044  715561           125
           -1551.044  966014           37
           -1551.044  520177           262
           -1554.704  798839           312
           -1554.704  544048           87
           -1554.704  193847           354
           -1554.704  972873           157
           -1554.704  804660           260
           -1554.704  25127            107
           -1554.704  629320           222
           -1554.704  443917           60
           -1554.704  580405           286
           -1554.704  950604           172
           -1554.704  691234           250
           -1554.704  418686           338
           -1554.704  875667           367
           -1554.704  475420           71
           -1554.704  850545           357
           -1554.704  195353           225
           -1554.704  246261           38
           -1554.704  165853           105
           -1554.704  414284           158
           -1554.704  617243           237
           -1554.704  576596           99
           -1557.945  871722           355
           -1557.945  891531           206
           -1557.945  268217           83
           -1557.945  570908           98
           -1558.284  686482           215
           -1559.083  741888           138
           -1559.083  650371           14
           -1560.049  350608           334
           -1560.513  937588           293
           -1560.513  319144           176
           -1560.513  82357            339
           -1560.513  836066           372
           -1560.513  349562           359
           -1561.644  576726           280
           -1561.644  561664           392

17 perturbed starting value run(s) did not converge.



THE BEST LOGLIKELIHOOD VALUE HAS BEEN REPLICATED.  RERUN WITH AT LEAST TWICE THE
RANDOM STARTS TO CHECK THAT THE BEST LOGLIKELIHOOD IS STILL OBTAINED AND REPLICATED.


THE MODEL ESTIMATION TERMINATED NORMALLY



MODEL FIT INFORMATION

Number of Free Parameters                       16

Loglikelihood

          H0 Value                       -1551.044
          H0 Scaling Correction Factor      0.9961
            for MLR

Information Criteria

          Akaike (AIC)                    3134.087
          Bayesian (BIC)                  3199.033
          Sample-Size Adjusted BIC        3148.259
            (n* = (n + 2) / 24)



FINAL CLASS COUNTS AND PROPORTIONS FOR THE LATENT CLASSES
BASED ON THE ESTIMATED MODEL

    Latent
   Classes

       1         75.24725          0.17581
       2        352.75275          0.82419


FINAL CLASS COUNTS AND PROPORTIONS FOR THE LATENT CLASS PATTERNS
BASED ON ESTIMATED POSTERIOR PROBABILITIES

    Latent
   Classes

       1         75.24725          0.17581
       2        352.75275          0.82419


CLASSIFICATION QUALITY

     Entropy                         0.705


CLASSIFICATION OF INDIVIDUALS BASED ON THEIR MOST LIKELY LATENT CLASS MEMBERSHIP

Class Counts and Proportions

    Latent
   Classes

       1               65          0.15187
       2              363          0.84813


Average Latent Class Probabilities for Most Likely Latent Class Membership (Row)
by Latent Class (Column)

           1        2

    1   0.800    0.200
    2   0.064    0.936


MODEL RESULTS

                                                    Two-Tailed
                    Estimate       S.E.  Est./S.E.    P-Value

Latent Class 1

 F1       BY
    W1MFT              1.000      0.000    999.000    999.000
    W1MPS              1.183      0.250      4.722      0.000
    W1NO               0.918      0.189      4.859      0.000

 Means
    F1                 0.000      0.000    999.000    999.000

 Intercepts
    W1MFT             -0.733      0.146     -5.036      0.000
    W1MPS              0.610      0.227      2.683      0.007
    W1NO              -0.382      0.143     -2.665      0.008

 Variances
    F1                 0.340      0.129      2.638      0.008

 Residual Variances
    W1MFT              0.254      0.046      5.533      0.000
    W1MPS              0.291      0.049      5.984      0.000
    W1NO               0.318      0.038      8.406      0.000

Latent Class 2

 F1       BY
    W1MFT              1.000      0.000    999.000    999.000
    W1MPS              0.918      0.097      9.451      0.000
    W1NO               1.035      0.081     12.857      0.000

 Means
    F1                 0.000      0.000    999.000    999.000

 Intercepts
    W1MFT              0.209      0.074      2.802      0.005
    W1MPS             -0.091      0.052     -1.741      0.082
    W1NO               0.127      0.073      1.727      0.084

 Variances
    F1                 0.657      0.096      6.845      0.000

 Residual Variances
    W1MFT              0.254      0.046      5.533      0.000
    W1MPS              0.291      0.049      5.984      0.000
    W1NO               0.318      0.038      8.406      0.000

Categorical Latent Variables

 Means
    C#1               -1.545      0.366     -4.219      0.000


QUALITY OF NUMERICAL RESULTS

     Condition Number for the Information Matrix              0.239E-02
       (ratio of smallest to largest eigenvalue)


TECHNICAL 11 OUTPUT

     Random Starts Specifications for the k-1 Class Analysis Model
        Number of initial stage random starts                 400
        Number of final stage optimizations                    80



     VUONG-LO-MENDELL-RUBIN LIKELIHOOD RATIO TEST FOR 1 (H0) VERSUS 2 CLASSES

          H0 Loglikelihood Value                        -1564.893
          2 Times the Loglikelihood Difference             27.698
          Difference in the Number of Parameters                7
          Mean                                              7.719
          Standard Deviation                                5.601
          P-Value                                          0.0070

     LO-MENDELL-RUBIN ADJUSTED LRT TEST

          Value                                            27.060
          P-Value                                          0.0080


DIAGRAM INFORMATION

  Mplus diagrams are currently not available for Mixture analysis.
  No diagram output was produced.


     Beginning Time:  18:23:54
        Ending Time:  18:24:25
       Elapsed Time:  00:00:31



MUTHEN & MUTHEN
3463 Stoner Ave.
Los Angeles, CA  90066

Tel: (310) 391-9971
Fax: (310) 391-8971
Web: www.StatModel.com
Support: Support@StatModel.com

Copyright (c) 1998-2012 Muthen & Muthen
